#
# There is insufficient memory for the Java Runtime Environment to continue.
# Native memory allocation (mmap) failed to map 132120576 bytes. Error detail: G1 virtual space
# Possible reasons:
#   The system is out of physical RAM or swap space
#   This process is running with CompressedOops enabled, and the Java Heap may be blocking the growth of the native heap
# Possible solutions:
#   Reduce memory load on the system
#   Increase physical memory or swap space
#   Check if swap backing store is full
#   Decrease Java heap size (-Xmx/-Xms)
#   Decrease number of Java threads
#   Decrease Java thread stack sizes (-Xss)
#   Set larger code cache with -XX:ReservedCodeCacheSize=
#   JVM is running with Unscaled Compressed Oops mode in which the Java heap is
#     placed in the first 4GB address space. The Java Heap base address is the
#     maximum limit for the native heap growth. Please use -XX:HeapBaseMinAddress
#     to set the Java Heap base and to place the Java Heap above 4GB virtual address.
# This output file may be truncated or incomplete.
#
#  Out of Memory Error (os_windows.cpp:3898), pid=9580, tid=17940
#
# JRE version:  (21.0.6+8) (build )
# Java VM: OpenJDK 64-Bit Server VM (21.0.6+8-b631.39, mixed mode, sharing, tiered, compressed oops, compressed class ptrs, g1 gc, windows-amd64)
# No core dump will be written. Minidumps are not enabled by default on client versions of Windows
#

---------------  S U M M A R Y ------------

Command Line: git4idea.http.GitAskPassApp Username for 'https://gitlab.com': 

Host: Intel(R) Core(TM) i5-9300H CPU @ 2.40GHz, 8 cores, 7G,  Windows 10 , 64 bit Build 19041 (10.0.19041.5438)
Time: Thu Mar 20 03:30:51 2025 UTC-09 elapsed time: 0.025052 seconds (0d 0h 0m 0s)

---------------  T H R E A D  ---------------

Current thread (0x000001bc33bb5df0):  JavaThread "Unknown thread" [_thread_in_vm, id=17940, stack(0x0000009296b00000,0x0000009296c00000) (1024K)]

Stack: [0x0000009296b00000,0x0000009296c00000]
Native frames: (J=compiled Java code, j=interpreted, Vv=VM code, C=native code)
V  [jvm.dll+0x6e5d39]
V  [jvm.dll+0x8c4133]
V  [jvm.dll+0x8c668e]
V  [jvm.dll+0x8c6d73]
V  [jvm.dll+0x288f76]
V  [jvm.dll+0x6e25f5]
V  [jvm.dll+0x6d60aa]
V  [jvm.dll+0x3635bb]
V  [jvm.dll+0x36b186]
V  [jvm.dll+0x3bd4b6]
V  [jvm.dll+0x3bd788]
V  [jvm.dll+0x335d2c]
V  [jvm.dll+0x336a1b]
V  [jvm.dll+0x88b589]
V  [jvm.dll+0x3ca688]
V  [jvm.dll+0x874698]
V  [jvm.dll+0x45f04e]
V  [jvm.dll+0x460d31]
C  [jli.dll+0x52ab]
C  [ucrtbase.dll+0x21bb2]
C  [KERNEL32.DLL+0x17374]
C  [ntdll.dll+0x4cc91]


---------------  P R O C E S S  ---------------

Threads class SMR info:
_java_thread_list=0x00007ff9a4e8a148, length=0, elements={
}

Java Threads: ( => current thread )
Total: 0

Other Threads:
  0x000001bc35f34cb0 WorkerThread "GC Thread#0"                     [id=16152, stack(0x0000009296c00000,0x0000009296d00000) (1024K)]
  0x000001bc35f46960 ConcurrentGCThread "G1 Main Marker"            [id=2504, stack(0x0000009296d00000,0x0000009296e00000) (1024K)]
  0x000001bc35f47370 WorkerThread "G1 Conc#0"                       [id=14892, stack(0x0000009296e00000,0x0000009296f00000) (1024K)]

[error occurred during error reporting (printing all threads), id 0xc0000005, EXCEPTION_ACCESS_VIOLATION (0xc0000005) at pc=0x00007ff9a4578de7]
VM state: not at safepoint (not fully initialized)

VM Mutex/Monitor currently owned by a thread:  ([mutex/lock_event])
[0x00007ff9a4efeb30] Heap_lock - owner thread: 0x000001bc33bb5df0

Heap address: 0x0000000082000000, size: 2016 MB, Compressed Oops mode: 32-bit

CDS archive(s) mapped at: [0x0000000000000000-0x0000000000000000-0x0000000000000000), size 0, SharedBaseAddress: 0x0000000800000000, ArchiveRelocationMode: 1.
Narrow klass base: 0x0000000000000000, Narrow klass shift: 0, Narrow klass range: 0x0

GC Precious Log:
 CardTable entry size: 512
 Card Set container configuration: InlinePtr #cards 5 size 8 Array Of Cards #cards 12 size 40 Howl #buckets 4 coarsen threshold 1843 Howl Bitmap #cards 512 size 80 coarsen threshold 460 Card regions per heap region 1 cards per card region 2048

Heap:
 garbage-first heap   total 0K, used 0K [0x0000000082000000, 0x0000000100000000)
  region size 1024K, 0 young (0K), 0 survivors (0K)
 Metaspace       used 0K, committed 0K, reserved 0K
  class space    used 0K, committed 0K, reserved 0K

Heap Regions: E=young(eden), S=young(survivor), O=old, HS=humongous(starts), HC=humongous(continues), CS=collection set, F=free, TAMS=top-at-mark-start, PB=parsable bottom

Card table byte_map: [0x000001bc495a0000,0x000001bc49990000] _byte_map_base: 0x000001bc49190000

Marking Bits: (CMBitMap*) 0x000001bc35f362d0
 Bits: [0x000001bc49990000, 0x000001bc4b910000)

GC Heap History (0 events):
No events

Dll operation events (1 events):
Event: 0.015 Loaded shared library C:\IntelliJ IDEA Community Edition 2024.3.4\jbr\bin\java.dll

Deoptimization events (0 events):
No events

Classes loaded (0 events):
No events

Classes unloaded (0 events):
No events

Classes redefined (0 events):
No events

Internal exceptions (0 events):
No events

ZGC Phase Switch (0 events):
No events

VM Operations (0 events):
No events

Memory protections (0 events):
No events

Nmethod flushes (0 events):
No events

Events (0 events):
No events


Dynamic libraries:
0x00007ff779250000 - 0x00007ff77925a000 	C:\IntelliJ IDEA Community Edition 2024.3.4\jbr\bin\java.exe
0x00007ffa55c30000 - 0x00007ffa55e28000 	C:\WINDOWS\SYSTEM32\ntdll.dll
0x00007ffa55840000 - 0x00007ffa55902000 	C:\WINDOWS\System32\KERNEL32.DLL
0x00007ffa535f0000 - 0x00007ffa538ef000 	C:\WINDOWS\System32\KERNELBASE.dll
0x00007ffa534f0000 - 0x00007ffa535f0000 	C:\WINDOWS\System32\ucrtbase.dll
0x00007ffa4cd10000 - 0x00007ffa4cd2b000 	C:\IntelliJ IDEA Community Edition 2024.3.4\jbr\bin\VCRUNTIME140.dll
0x00007ffa180d0000 - 0x00007ffa180e8000 	C:\IntelliJ IDEA Community Edition 2024.3.4\jbr\bin\jli.dll
0x00007ffa54100000 - 0x00007ffa5429d000 	C:\WINDOWS\System32\USER32.dll
0x00007ffa53b70000 - 0x00007ffa53b92000 	C:\WINDOWS\System32\win32u.dll
0x00007ffa542a0000 - 0x00007ffa542cb000 	C:\WINDOWS\System32\GDI32.dll
0x00007ffa3bdb0000 - 0x00007ffa3c04a000 	C:\WINDOWS\WinSxS\amd64_microsoft.windows.common-controls_6595b64144ccf1df_6.0.19041.4355_none_60b8b9eb71f62e16\COMCTL32.dll
0x00007ffa538f0000 - 0x00007ffa53a0a000 	C:\WINDOWS\System32\gdi32full.dll
0x00007ffa532d0000 - 0x00007ffa5336d000 	C:\WINDOWS\System32\msvcp_win.dll
0x00007ffa55910000 - 0x00007ffa559ae000 	C:\WINDOWS\System32\msvcrt.dll
0x00007ffa55540000 - 0x00007ffa5556f000 	C:\WINDOWS\System32\IMM32.DLL
0x00007ffa4cd00000 - 0x00007ffa4cd0c000 	C:\IntelliJ IDEA Community Edition 2024.3.4\jbr\bin\vcruntime140_1.dll
0x00007ffa08f40000 - 0x00007ffa08fcd000 	C:\IntelliJ IDEA Community Edition 2024.3.4\jbr\bin\msvcp140.dll
0x00007ff9a4230000 - 0x00007ff9a4ff1000 	C:\IntelliJ IDEA Community Edition 2024.3.4\jbr\bin\server\jvm.dll
0x00007ffa53cf0000 - 0x00007ffa53d9f000 	C:\WINDOWS\System32\ADVAPI32.dll
0x00007ffa53c50000 - 0x00007ffa53cef000 	C:\WINDOWS\System32\sechost.dll
0x00007ffa53fd0000 - 0x00007ffa540f3000 	C:\WINDOWS\System32\RPCRT4.dll
0x00007ffa53400000 - 0x00007ffa53427000 	C:\WINDOWS\System32\bcrypt.dll
0x00007ffa557d0000 - 0x00007ffa5583b000 	C:\WINDOWS\System32\WS2_32.dll
0x00007ffa53130000 - 0x00007ffa5317b000 	C:\WINDOWS\SYSTEM32\POWRPROF.dll
0x00007ffa45e90000 - 0x00007ffa45eb7000 	C:\WINDOWS\SYSTEM32\WINMM.dll
0x00007ffa4b650000 - 0x00007ffa4b65a000 	C:\WINDOWS\SYSTEM32\VERSION.dll
0x00007ffa53110000 - 0x00007ffa53122000 	C:\WINDOWS\SYSTEM32\UMPDC.dll
0x00007ffa51d20000 - 0x00007ffa51d32000 	C:\WINDOWS\SYSTEM32\kernel.appcore.dll
0x00007ffa46a90000 - 0x00007ffa46a9a000 	C:\IntelliJ IDEA Community Edition 2024.3.4\jbr\bin\jimage.dll
0x00007ffa51010000 - 0x00007ffa511f4000 	C:\WINDOWS\SYSTEM32\DBGHELP.DLL
0x00007ffa3cac0000 - 0x00007ffa3caf4000 	C:\WINDOWS\SYSTEM32\dbgcore.DLL
0x00007ffa53370000 - 0x00007ffa533f2000 	C:\WINDOWS\System32\bcryptPrimitives.dll
0x00007ffa46a70000 - 0x00007ffa46a90000 	C:\IntelliJ IDEA Community Edition 2024.3.4\jbr\bin\java.dll

dbghelp: loaded successfully - version: 4.0.5 - missing functions: none
symbol engine: initialized successfully - sym options: 0x614 - pdb path: .;C:\IntelliJ IDEA Community Edition 2024.3.4\jbr\bin;C:\WINDOWS\SYSTEM32;C:\WINDOWS\WinSxS\amd64_microsoft.windows.common-controls_6595b64144ccf1df_6.0.19041.4355_none_60b8b9eb71f62e16;C:\IntelliJ IDEA Community Edition 2024.3.4\jbr\bin\server

VM Arguments:
java_command: git4idea.http.GitAskPassApp Username for 'https://gitlab.com': 
java_class_path (initial): C:/IntelliJ IDEA Community Edition 2024.3.4/plugins/vcs-git/lib/git4idea-rt.jar;C:/IntelliJ IDEA Community Edition 2024.3.4/lib/externalProcess-rt.jar
Launcher Type: SUN_STANDARD

[Global flags]
     intx CICompilerCount                          = 4                                         {product} {ergonomic}
     uint ConcGCThreads                            = 2                                         {product} {ergonomic}
     uint G1ConcRefinementThreads                  = 8                                         {product} {ergonomic}
   size_t G1HeapRegionSize                         = 1048576                                   {product} {ergonomic}
    uintx GCDrainStackTargetSize                   = 64                                        {product} {ergonomic}
   size_t InitialHeapSize                          = 132120576                                 {product} {ergonomic}
   size_t MarkStackSize                            = 4194304                                   {product} {ergonomic}
   size_t MaxHeapSize                              = 2113929216                                {product} {ergonomic}
   size_t MinHeapDeltaBytes                        = 1048576                                   {product} {ergonomic}
   size_t MinHeapSize                              = 8388608                                   {product} {ergonomic}
    uintx NonNMethodCodeHeapSize                   = 5839372                                {pd product} {ergonomic}
    uintx NonProfiledCodeHeapSize                  = 122909434                              {pd product} {ergonomic}
    uintx ProfiledCodeHeapSize                     = 122909434                              {pd product} {ergonomic}
    uintx ReservedCodeCacheSize                    = 251658240                              {pd product} {ergonomic}
     bool SegmentedCodeCache                       = true                                      {product} {ergonomic}
   size_t SoftMaxHeapSize                          = 2113929216                             {manageable} {ergonomic}
     bool UseCompressedOops                        = true                           {product lp64_product} {ergonomic}
     bool UseG1GC                                  = true                                      {product} {ergonomic}
     bool UseLargePagesIndividualAllocation        = false                                  {pd product} {ergonomic}

Logging:
Log output configuration:
 #0: stdout all=warning uptime,level,tags foldmultilines=false
 #1: stderr all=off uptime,level,tags foldmultilines=false

Environment Variables:
JAVA_HOME=C:\Program Files\Java\jdk-23
PATH=C:/Program Files/Git/mingw64/libexec/git-core;C:/Program Files/Git/mingw64/libexec/git-core;C:\Program Files\Git\mingw64\bin;C:\Program Files\Git\usr\bin;C:\Users\ivo_0\bin;C:\Program Files\Common Files\Oracle\Java\javapath;C:\Python312\Scripts\;C:\Python312\;C:\Program Files\Microsoft\jdk-11.0.12.7-hotspot\bin;C:\ProgramData\Oracle\Java\javapath;C:\WINDOWS\system32;C:\WINDOWS;C:\WINDOWS\System32\Wbem;C:\WINDOWS\System32\WindowsPowerShell\v1.0\;C:\WINDOWS\System32\OpenSSH\;C:\Program Files\Microsoft SQL Server\150\Tools\Binn\;C:\Program Files\Microsoft SQL Server\Client SDK\ODBC\170\Tools\Binn\;C:\Program Files (x86)\Microsoft SQL Server\150\Tools\Binn\;C:\Program Files\Microsoft SQL Server\150\DTS\Binn\;C:\Program Files\Azure Data Studio\bin;C:\Program Files\Docker\Docker\resources\bin;C:\ProgramData\DockerDesktop\version-bin;C:\Program Files\dotnet\;C:\Program Files (x86)\Microsoft SQL Server\160\Tools\Binn\;C:\Program Files\Microsoft SQL Server\160\Tools\Binn\;C:\Program Files\Microsoft SQL Server\160\DTS\Binn\;C:\Program Files\NVIDIA Corporation\NVIDIA NvDLISR;C:\Program Files\MATLAB\MATLAB Production Server\R2015a\runtime\win64;C:\Program Files\MATLAB\MATLAB Production Server\R2015a\bin;C:\Program Files\MATLAB\MATLAB Production Server\R2015a\polyspace\bin;C:\Program Files (x86)\NVIDIA Corporation\PhysX\Common;C:\Program Files (x86)\Windows Kits\10\Windows Performance Toolkit\;C:\Program Files\Git\cmd;C:\Program Files\nodejs\;C:\ProgramData\chocolatey\bin;C:\Windows\Microsoft.NET\v4.0.30319;C:\apache-maven-3.9.9\bin;D:\msys64\mingw64\bin;C:\Users\ivo_0\AppData\Local\GitHubDesktop\bin;C:\Program Files\Azure Data Studio\bin;C:\Users\ivo_0\.dotnet\tools;C:\Users\ivo_0\AppData\Local\Programs\Microsoft VS Code\bin;C:\Users\ivo_0\AppData\Roaming\npm
USERNAME=ivo_0
DISPLAY=:0.0
LC_ALL=en_US.UTF-8
TERM=xterm-256color
TMPDIR=C:\Users\ivo_0\AppData\Local\Temp
OS=Windows_NT
PROCESSOR_IDENTIFIER=Intel64 Family 6 Model 158 Stepping 10, GenuineIntel
TMP=C:\Users\ivo_0\AppData\Local\Temp
TEMP=C:\Users\ivo_0\AppData\Local\Temp




Periodic native trim disabled

JNI global refs:
JNI global refs: 0, weak refs: 0

JNI global refs memory usage: 0, weak refs: 0

Process memory usage:
Resident Set Size: 10860K (0% of 8256628K total physical memory with 362896K free physical memory)

OOME stack traces (most recent first):
Classloader memory used:

---------------  S Y S T E M  ---------------

OS:
 Windows 10 , 64 bit Build 19041 (10.0.19041.5438)
OS uptime: 0 days 0:13 hours
Hyper-V role detected

CPU: total 8 (initial active 8) (4 cores per cpu, 2 threads per core) family 6 model 158 stepping 10 microcode 0xf0, cx8, cmov, fxsr, ht, mmx, 3dnowpref, sse, sse2, sse3, ssse3, sse4.1, sse4.2, popcnt, lzcnt, tsc, tscinvbit, avx, avx2, aes, erms, clmul, bmi1, bmi2, adx, fma, vzeroupper, clflush, clflushopt, hv, rdtscp, f16c
Processor Information for the first 8 processors :
  Max Mhz: 2400, Current Mhz: 2400, Mhz Limit: 2400

Memory: 4k page, system-wide physical 8063M (354M free)
TotalPageFile size 9966M (AvailPageFile size 79M)
current process WorkingSet (physical memory assigned to process): 10M, peak: 10M
current process commit charge ("private bytes"): 60M, peak: 186M

vm_info: OpenJDK 64-Bit Server VM (21.0.6+8-b631.39) for windows-amd64 JRE (21.0.6+8-b631.39), built on 2025-02-04 by "builduser" with MS VC++ 16.10 / 16.11 (VS2019)

END.
